<?xml version="1.0" encoding="UTF-8"?>
<!-- Generated by org.testng.reporters.JUnitReportReporter -->
<testsuite hostname="Sabiul-PC" name="testcases.TC004VerifyNagativeChangePasswoard" tests="1" failures="0" timestamp="9 Apr 2018 09:18:39 GMT" time="16.591" errors="0">
  <testcase name="testLoginPage" time="16.591" classname="testcases.TC004VerifyNagativeChangePasswoard"/>
</testsuite> <!-- testcases.TC004VerifyNagativeChangePasswoard -->
