<?xml version="1.0" encoding="UTF-8"?>
<!-- Generated by org.testng.reporters.JUnitReportReporter -->
<testsuite hostname="Sabiul-PC" name="testcases.TC002VerifyLoginPage" tests="1" failures="0" timestamp="9 Apr 2018 11:15:51 GMT" time="14.425" errors="0">
  <testcase name="testLoginPage" time="14.425" classname="testcases.TC002VerifyLoginPage"/>
</testsuite> <!-- testcases.TC002VerifyLoginPage -->
