<?xml version="1.0" encoding="UTF-8"?>
<!-- Generated by org.testng.reporters.JUnitReportReporter -->
<testsuite hostname="Sabiul-PC" name="testcases.TC002VerifyLoginPageTest" tests="1" failures="0" timestamp="22 Apr 2018 12:16:46 GMT" time="25.151" errors="0">
  <testcase name="testLoginPage" time="25.151" classname="testcases.TC002VerifyLoginPageTest"/>
</testsuite> <!-- testcases.TC002VerifyLoginPageTest -->
