<?xml version="1.0" encoding="UTF-8"?>
<!-- Generated by org.testng.reporters.JUnitReportReporter -->
<testsuite hostname="Sabiul-PC" name="testcases.VerifyLoginPage" tests="1" failures="0" timestamp="8 Apr 2018 09:45:18 GMT" time="9.642" errors="0">
  <testcase name="testLoginPage" time="9.642" classname="testcases.VerifyLoginPage"/>
</testsuite> <!-- testcases.VerifyLoginPage -->
