<?xml version="1.0" encoding="UTF-8"?>
<!-- Generated by org.testng.reporters.JUnitReportReporter -->
<testsuite hostname="Sabiul-PC" name="testcases.Twenty_UserCreationTest" tests="1" failures="0" timestamp="12 Apr 2018 07:56:01 GMT" time="89.024" errors="0">
  <testcase name="OneUserCreationTest" time="89.024" classname="testcases.Twenty_UserCreationTest"/>
</testsuite> <!-- testcases.Twenty_UserCreationTest -->
