<?xml version="1.0" encoding="UTF-8"?>
<!-- Generated by org.testng.reporters.JUnitReportReporter -->
<testsuite hostname="Sabiul-PC" name="testcases.TC06VerifyLogoutTest" tests="1" failures="0" timestamp="9 Apr 2018 11:17:34 GMT" time="17.762" errors="0">
  <testcase name="testLLogout" time="17.762" classname="testcases.TC06VerifyLogoutTest"/>
</testsuite> <!-- testcases.TC06VerifyLogoutTest -->
