<?xml version="1.0" encoding="UTF-8"?>
<!-- Generated by org.testng.reporters.JUnitReportReporter -->
<testsuite hostname="Sabiul-PC" name="testcases.VerifyHomePage" tests="1" failures="0" timestamp="8 Apr 2018 04:21:19 GMT" time="7.531" errors="0">
  <testcase name="testHomePage" time="7.531" classname="testcases.VerifyHomePage"/>
</testsuite> <!-- testcases.VerifyHomePage -->
