<?xml version="1.0" encoding="UTF-8"?>
<!-- Generated by org.testng.reporters.JUnitReportReporter -->
<testsuite hostname="Sabiul-PC" name="testcases.TC001VerifyHomePageTest" tests="1" failures="0" timestamp="15 Apr 2018 05:55:33 GMT" time="25.214" errors="0">
  <testcase name="testHomePage" time="25.214" classname="testcases.TC001VerifyHomePageTest"/>
</testsuite> <!-- testcases.TC001VerifyHomePageTest -->
