<?xml version="1.0" encoding="UTF-8"?>
<!-- Generated by org.testng.reporters.JUnitReportReporter -->
<testsuite hostname="Sabiul-PC" name="testcases.TC001VerifyHomePage" tests="1" failures="0" timestamp="9 Apr 2018 09:18:39 GMT" time="21.226" errors="0">
  <testcase name="testHomePage" time="21.226" classname="testcases.TC001VerifyHomePage"/>
</testsuite> <!-- testcases.TC001VerifyHomePage -->
