<?xml version="1.0" encoding="UTF-8"?>
<!-- Generated by org.testng.reporters.JUnitReportReporter -->
<testsuite hostname="Sabiul-PC" name="testcases.TC004VerifyNagativeChangePasswoardTest" tests="1" failures="0" timestamp="22 Apr 2018 12:16:46 GMT" time="34.479" errors="0">
  <testcase name="testLoginPage" time="34.479" classname="testcases.TC004VerifyNagativeChangePasswoardTest"/>
</testsuite> <!-- testcases.TC004VerifyNagativeChangePasswoardTest -->
